2021-09-11 00:00:24.771  INFO 15173 --- [Eureka-EvictionTimer] c.n.e.registry.AbstractInstanceRegistry  : Running the evict task with compensationTime 4ms
2021-09-11 00:01:24.776  INFO 15173 --- [Eureka-EvictionTimer] c.n.e.registry.AbstractInstanceRegistry  : Running the evict task with compensationTime 4ms
2021-09-11 00:02:24.779  INFO 15173 --- [Eureka-EvictionTimer] c.n.e.registry.AbstractInstanceRegistry  : Running the evict task with compensationTime 1ms
2021-09-11 00:03:24.197  WARN 15173 --- [Eureka-PeerNodesUpdater] c.n.eureka.cluster.PeerEurekaNodes       : The replica size seems to be empty. Check the route 53 DNS Registry
2021-09-11 00:03:24.780  INFO 15173 --- [Eureka-EvictionTimer] c.n.e.registry.AbstractInstanceRegistry  : Running the evict task with compensationTime 0ms
2021-09-11 00:04:24.781  INFO 15173 --- [Eureka-EvictionTimer] c.n.e.registry.AbstractInstanceRegistry  : Running the evict task with compensationTime 0ms
2021-09-11 00:05:24.783  INFO 15173 --- [Eureka-EvictionTimer] c.n.e.registry.AbstractInstanceRegistry  : Running the evict task with compensationTime 23ms
2021-09-11 00:06:24.784  INFO 15173 --- [Eureka-EvictionTimer] c.n.e.registry.AbstractInstanceRegistry  : Running the evict task with compensationTime 5ms
2021-09-11 00:07:24.787  INFO 15173 --- [Eureka-EvictionTimer] c.n.e.registry.AbstractInstanceRegistry  : Running the evict task with compensationTime 2ms
2021-09-11 00:08:24.788  INFO 15173 --- [Eureka-EvictionTimer] c.n.e.registry.AbstractInstanceRegistry  : Running the evict task with compensationTime 0ms
2021-09-11 00:09:24.792  INFO 15173 --- [Eureka-EvictionTimer] c.n.e.registry.AbstractInstanceRegistry  : Running the evict task with compensationTime 2ms
2021-09-11 00:10:24.795  INFO 15173 --- [Eureka-EvictionTimer] c.n.e.registry.AbstractInstanceRegistry  : Running the evict task with compensationTime 2ms
2021-09-11 00:11:24.800  INFO 15173 --- [Eureka-EvictionTimer] c.n.e.registry.AbstractInstanceRegistry  : Running the evict task with compensationTime 4ms
2021-09-11 00:12:24.806  INFO 15173 --- [Eureka-EvictionTimer] c.n.e.registry.AbstractInstanceRegistry  : Running the evict task with compensationTime 4ms
2021-09-11 00:13:24.182  WARN 15173 --- [Eureka-PeerNodesUpdater] c.n.eureka.cluster.PeerEurekaNodes       : The replica size seems to be empty. Check the route 53 DNS Registry
2021-09-11 00:13:24.260  INFO 15173 --- [ReplicaAwareInstanceRegistry - RenewalThresholdUpdater] c.n.e.r.PeerAwareInstanceRegistryImpl    : Current renewal threshold is : 1
2021-09-11 00:13:24.810  INFO 15173 --- [Eureka-EvictionTimer] c.n.e.registry.AbstractInstanceRegistry  : Running the evict task with compensationTime 3ms
2021-09-11 00:14:24.813  INFO 15173 --- [Eureka-EvictionTimer] c.n.e.registry.AbstractInstanceRegistry  : Running the evict task with compensationTime 2ms
2021-09-11 00:15:24.818  INFO 15173 --- [Eureka-EvictionTimer] c.n.e.registry.AbstractInstanceRegistry  : Running the evict task with compensationTime 4ms
2021-09-11 00:16:24.823  INFO 15173 --- [Eureka-EvictionTimer] c.n.e.registry.AbstractInstanceRegistry  : Running the evict task with compensationTime 4ms
2021-09-11 00:17:24.826  INFO 15173 --- [Eureka-EvictionTimer] c.n.e.registry.AbstractInstanceRegistry  : Running the evict task with compensationTime 1ms
2021-09-11 00:18:24.832  INFO 15173 --- [Eureka-EvictionTimer] c.n.e.registry.AbstractInstanceRegistry  : Running the evict task with compensationTime 5ms
2021-09-11 00:19:24.837  INFO 15173 --- [Eureka-EvictionTimer] c.n.e.registry.AbstractInstanceRegistry  : Running the evict task with compensationTime 4ms
2021-09-11 00:20:24.846  INFO 15173 --- [Eureka-EvictionTimer] c.n.e.registry.AbstractInstanceRegistry  : Running the evict task with compensationTime 8ms
2021-09-11 00:21:24.853  INFO 15173 --- [Eureka-EvictionTimer] c.n.e.registry.AbstractInstanceRegistry  : Running the evict task with compensationTime 5ms
2021-09-11 00:22:24.861  INFO 15173 --- [Eureka-EvictionTimer] c.n.e.registry.AbstractInstanceRegistry  : Running the evict task with compensationTime 7ms
2021-09-11 00:23:24.193  WARN 15173 --- [Eureka-PeerNodesUpdater] c.n.eureka.cluster.PeerEurekaNodes       : The replica size seems to be empty. Check the route 53 DNS Registry
2021-09-11 00:23:24.863  INFO 15173 --- [Eureka-EvictionTimer] c.n.e.registry.AbstractInstanceRegistry  : Running the evict task with compensationTime 0ms
2021-09-11 00:24:24.872  INFO 15173 --- [Eureka-EvictionTimer] c.n.e.registry.AbstractInstanceRegistry  : Running the evict task with compensationTime 8ms
2021-09-11 00:25:24.876  INFO 15173 --- [Eureka-EvictionTimer] c.n.e.registry.AbstractInstanceRegistry  : Running the evict task with compensationTime 3ms
2021-09-11 00:26:24.881  INFO 15173 --- [Eureka-EvictionTimer] c.n.e.registry.AbstractInstanceRegistry  : Running the evict task with compensationTime 4ms
2021-09-11 00:27:24.885  INFO 15173 --- [Eureka-EvictionTimer] c.n.e.registry.AbstractInstanceRegistry  : Running the evict task with compensationTime 3ms
2021-09-11 00:28:24.271  INFO 15173 --- [ReplicaAwareInstanceRegistry - RenewalThresholdUpdater] c.n.e.r.PeerAwareInstanceRegistryImpl    : Current renewal threshold is : 1
2021-09-11 00:28:24.890  INFO 15173 --- [Eureka-EvictionTimer] c.n.e.registry.AbstractInstanceRegistry  : Running the evict task with compensationTime 4ms
2021-09-11 00:29:24.894  INFO 15173 --- [Eureka-EvictionTimer] c.n.e.registry.AbstractInstanceRegistry  : Running the evict task with compensationTime 3ms
2021-09-11 00:30:24.903  INFO 15173 --- [Eureka-EvictionTimer] c.n.e.registry.AbstractInstanceRegistry  : Running the evict task with compensationTime 8ms
2021-09-11 00:31:24.913  INFO 15173 --- [Eureka-EvictionTimer] c.n.e.registry.AbstractInstanceRegistry  : Running the evict task with compensationTime 8ms
2021-09-11 00:32:24.918  INFO 15173 --- [Eureka-EvictionTimer] c.n.e.registry.AbstractInstanceRegistry  : Running the evict task with compensationTime 4ms
2021-09-11 00:33:24.206  WARN 15173 --- [Eureka-PeerNodesUpdater] c.n.eureka.cluster.PeerEurekaNodes       : The replica size seems to be empty. Check the route 53 DNS Registry
2021-09-11 00:33:24.927  INFO 15173 --- [Eureka-EvictionTimer] c.n.e.registry.AbstractInstanceRegistry  : Running the evict task with compensationTime 8ms
2021-09-11 00:34:24.936  INFO 15173 --- [Eureka-EvictionTimer] c.n.e.registry.AbstractInstanceRegistry  : Running the evict task with compensationTime 9ms
2021-09-11 00:35:24.947  INFO 15173 --- [Eureka-EvictionTimer] c.n.e.registry.AbstractInstanceRegistry  : Running the evict task with compensationTime 4ms
2021-09-11 00:36:24.958  INFO 15173 --- [Eureka-EvictionTimer] c.n.e.registry.AbstractInstanceRegistry  : Running the evict task with compensationTime 8ms
2021-09-11 00:37:24.969  INFO 15173 --- [Eureka-EvictionTimer] c.n.e.registry.AbstractInstanceRegistry  : Running the evict task with compensationTime 9ms
2021-09-11 00:38:24.977  INFO 15173 --- [Eureka-EvictionTimer] c.n.e.registry.AbstractInstanceRegistry  : Running the evict task with compensationTime 6ms
2021-09-11 00:39:24.980  INFO 15173 --- [Eureka-EvictionTimer] c.n.e.registry.AbstractInstanceRegistry  : Running the evict task with compensationTime 2ms
2021-09-11 00:40:24.991  INFO 15173 --- [Eureka-EvictionTimer] c.n.e.registry.AbstractInstanceRegistry  : Running the evict task with compensationTime 9ms
2021-09-11 00:41:25.001  INFO 15173 --- [Eureka-EvictionTimer] c.n.e.registry.AbstractInstanceRegistry  : Running the evict task with compensationTime 8ms
2021-09-11 00:42:25.012  INFO 15173 --- [Eureka-EvictionTimer] c.n.e.registry.AbstractInstanceRegistry  : Running the evict task with compensationTime 9ms
2021-09-11 00:43:24.236  WARN 15173 --- [Eureka-PeerNodesUpdater] c.n.eureka.cluster.PeerEurekaNodes       : The replica size seems to be empty. Check the route 53 DNS Registry
2021-09-11 00:43:24.300  INFO 15173 --- [ReplicaAwareInstanceRegistry - RenewalThresholdUpdater] c.n.e.r.PeerAwareInstanceRegistryImpl    : Current renewal threshold is : 1
2021-09-11 00:43:25.017  INFO 15173 --- [Eureka-EvictionTimer] c.n.e.registry.AbstractInstanceRegistry  : Running the evict task with compensationTime 3ms
2021-09-11 00:44:25.021  INFO 15173 --- [Eureka-EvictionTimer] c.n.e.registry.AbstractInstanceRegistry  : Running the evict task with compensationTime 2ms
2021-09-11 00:45:25.025  INFO 15173 --- [Eureka-EvictionTimer] c.n.e.registry.AbstractInstanceRegistry  : Running the evict task with compensationTime 1ms
2021-09-11 00:46:25.029  INFO 15173 --- [Eureka-EvictionTimer] c.n.e.registry.AbstractInstanceRegistry  : Running the evict task with compensationTime 2ms
2021-09-11 00:47:25.032  INFO 15173 --- [Eureka-EvictionTimer] c.n.e.registry.AbstractInstanceRegistry  : Running the evict task with compensationTime 1ms
2021-09-11 00:48:25.036  INFO 15173 --- [Eureka-EvictionTimer] c.n.e.registry.AbstractInstanceRegistry  : Running the evict task with compensationTime 2ms
2021-09-11 00:49:25.038  INFO 15173 --- [Eureka-EvictionTimer] c.n.e.registry.AbstractInstanceRegistry  : Running the evict task with compensationTime 0ms
2021-09-11 00:50:25.038  INFO 15173 --- [Eureka-EvictionTimer] c.n.e.registry.AbstractInstanceRegistry  : Running the evict task with compensationTime 11ms
2021-09-11 00:51:25.039  INFO 15173 --- [Eureka-EvictionTimer] c.n.e.registry.AbstractInstanceRegistry  : Running the evict task with compensationTime 2ms
2021-09-11 00:52:25.049  INFO 15173 --- [Eureka-EvictionTimer] c.n.e.registry.AbstractInstanceRegistry  : Running the evict task with compensationTime 8ms
2021-09-11 00:53:24.239  WARN 15173 --- [Eureka-PeerNodesUpdater] c.n.eureka.cluster.PeerEurekaNodes       : The replica size seems to be empty. Check the route 53 DNS Registry
2021-09-11 00:53:25.060  INFO 15173 --- [Eureka-EvictionTimer] c.n.e.registry.AbstractInstanceRegistry  : Running the evict task with compensationTime 9ms
2021-09-11 00:54:25.071  INFO 15173 --- [Eureka-EvictionTimer] c.n.e.registry.AbstractInstanceRegistry  : Running the evict task with compensationTime 9ms
2021-09-11 00:55:25.077  INFO 15173 --- [Eureka-EvictionTimer] c.n.e.registry.AbstractInstanceRegistry  : Running the evict task with compensationTime 4ms
2021-09-11 00:56:25.087  INFO 15173 --- [Eureka-EvictionTimer] c.n.e.registry.AbstractInstanceRegistry  : Running the evict task with compensationTime 8ms
2021-09-11 00:57:25.095  INFO 15173 --- [Eureka-EvictionTimer] c.n.e.registry.AbstractInstanceRegistry  : Running the evict task with compensationTime 6ms
2021-09-11 00:58:24.309  INFO 15173 --- [ReplicaAwareInstanceRegistry - RenewalThresholdUpdater] c.n.e.r.PeerAwareInstanceRegistryImpl    : Current renewal threshold is : 1
2021-09-11 00:58:25.098  INFO 15173 --- [Eureka-EvictionTimer] c.n.e.registry.AbstractInstanceRegistry  : Running the evict task with compensationTime 1ms
2021-09-11 00:59:25.100  INFO 15173 --- [Eureka-EvictionTimer] c.n.e.registry.AbstractInstanceRegistry  : Running the evict task with compensationTime 0ms
2021-09-11 01:00:25.112  INFO 15173 --- [Eureka-EvictionTimer] c.n.e.registry.AbstractInstanceRegistry  : Running the evict task with compensationTime 9ms
2021-09-11 01:01:25.122  INFO 15173 --- [Eureka-EvictionTimer] c.n.e.registry.AbstractInstanceRegistry  : Running the evict task with compensationTime 8ms
2021-09-11 01:02:25.124  INFO 15173 --- [Eureka-EvictionTimer] c.n.e.registry.AbstractInstanceRegistry  : Running the evict task with compensationTime 0ms
2021-09-11 01:03:24.264  WARN 15173 --- [Eureka-PeerNodesUpdater] c.n.eureka.cluster.PeerEurekaNodes       : The replica size seems to be empty. Check the route 53 DNS Registry
2021-09-11 01:03:25.126  INFO 15173 --- [Eureka-EvictionTimer] c.n.e.registry.AbstractInstanceRegistry  : Running the evict task with compensationTime 0ms
2021-09-11 01:04:25.128  INFO 15173 --- [Eureka-EvictionTimer] c.n.e.registry.AbstractInstanceRegistry  : Running the evict task with compensationTime 0ms
2021-09-11 01:05:25.133  INFO 15173 --- [Eureka-EvictionTimer] c.n.e.registry.AbstractInstanceRegistry  : Running the evict task with compensationTime 3ms
2021-09-11 01:06:25.142  INFO 15173 --- [Eureka-EvictionTimer] c.n.e.registry.AbstractInstanceRegistry  : Running the evict task with compensationTime 7ms
2021-09-11 01:07:25.148  INFO 15173 --- [Eureka-EvictionTimer] c.n.e.registry.AbstractInstanceRegistry  : Running the evict task with compensationTime 4ms
2021-09-11 01:08:25.156  INFO 15173 --- [Eureka-EvictionTimer] c.n.e.registry.AbstractInstanceRegistry  : Running the evict task with compensationTime 5ms
2021-09-11 01:09:25.165  INFO 15173 --- [Eureka-EvictionTimer] c.n.e.registry.AbstractInstanceRegistry  : Running the evict task with compensationTime 8ms
2021-09-11 01:10:25.169  INFO 15173 --- [Eureka-EvictionTimer] c.n.e.registry.AbstractInstanceRegistry  : Running the evict task with compensationTime 2ms
2021-09-11 01:11:25.177  INFO 15173 --- [Eureka-EvictionTimer] c.n.e.registry.AbstractInstanceRegistry  : Running the evict task with compensationTime 6ms
2021-09-11 01:12:25.183  INFO 15173 --- [Eureka-EvictionTimer] c.n.e.registry.AbstractInstanceRegistry  : Running the evict task with compensationTime 3ms
2021-09-11 01:13:24.287  WARN 15173 --- [Eureka-PeerNodesUpdater] c.n.eureka.cluster.PeerEurekaNodes       : The replica size seems to be empty. Check the route 53 DNS Registry
2021-09-11 01:13:24.339  INFO 15173 --- [ReplicaAwareInstanceRegistry - RenewalThresholdUpdater] c.n.e.r.PeerAwareInstanceRegistryImpl    : Current renewal threshold is : 1
2021-09-11 01:13:25.188  INFO 15173 --- [Eureka-EvictionTimer] c.n.e.registry.AbstractInstanceRegistry  : Running the evict task with compensationTime 3ms
2021-09-11 01:14:25.190  INFO 15173 --- [Eureka-EvictionTimer] c.n.e.registry.AbstractInstanceRegistry  : Running the evict task with compensationTime 0ms
2021-09-11 01:15:25.196  INFO 15173 --- [Eureka-EvictionTimer] c.n.e.registry.AbstractInstanceRegistry  : Running the evict task with compensationTime 4ms
2021-09-11 01:16:25.201  INFO 15173 --- [Eureka-EvictionTimer] c.n.e.registry.AbstractInstanceRegistry  : Running the evict task with compensationTime 3ms
2021-09-11 01:17:25.206  INFO 15173 --- [Eureka-EvictionTimer] c.n.e.registry.AbstractInstanceRegistry  : Running the evict task with compensationTime 3ms
2021-09-11 01:18:25.209  INFO 15173 --- [Eureka-EvictionTimer] c.n.e.registry.AbstractInstanceRegistry  : Running the evict task with compensationTime 1ms
2021-09-11 01:19:25.216  INFO 15173 --- [Eureka-EvictionTimer] c.n.e.registry.AbstractInstanceRegistry  : Running the evict task with compensationTime 5ms
2021-09-11 01:20:25.220  INFO 15173 --- [Eureka-EvictionTimer] c.n.e.registry.AbstractInstanceRegistry  : Running the evict task with compensationTime 2ms
2021-09-11 01:21:25.225  INFO 15173 --- [Eureka-EvictionTimer] c.n.e.registry.AbstractInstanceRegistry  : Running the evict task with compensationTime 3ms
2021-09-11 01:21:54.679  WARN 15173 --- [HikariPool-1 housekeeper] com.zaxxer.hikari.pool.HikariPool        : HikariPool-1 - Retrograde clock change detected (housekeeper delta=27s876ms), soft-evicting connections from pool.
2021-09-11 01:22:25.228  INFO 15173 --- [Eureka-EvictionTimer] c.n.e.registry.AbstractInstanceRegistry  : Running the evict task with compensationTime 2128ms
2021-09-11 01:23:22.181  WARN 15173 --- [Eureka-PeerNodesUpdater] c.n.eureka.cluster.PeerEurekaNodes       : The replica size seems to be empty. Check the route 53 DNS Registry
2021-09-11 01:23:25.231  INFO 15173 --- [Eureka-EvictionTimer] c.n.e.registry.AbstractInstanceRegistry  : Running the evict task with compensationTime 1ms
2021-09-11 01:24:25.235  INFO 15173 --- [Eureka-EvictionTimer] c.n.e.registry.AbstractInstanceRegistry  : Running the evict task with compensationTime 2ms
2021-09-11 01:25:25.240  INFO 15173 --- [Eureka-EvictionTimer] c.n.e.registry.AbstractInstanceRegistry  : Running the evict task with compensationTime 3ms
2021-09-11 01:26:25.242  INFO 15173 --- [Eureka-EvictionTimer] c.n.e.registry.AbstractInstanceRegistry  : Running the evict task with compensationTime 0ms
2021-09-11 01:57:18.133  WARN 15173 --- [HikariPool-1 housekeeper] com.zaxxer.hikari.pool.HikariPool        : HikariPool-1 - Thread starvation or clock leap detected (housekeeper delta=30m23s427ms).
2021-09-11 01:57:18.665  INFO 15173 --- [Eureka-EvictionTimer] c.n.e.registry.AbstractInstanceRegistry  : Running the evict task with compensationTime 0ms
2021-09-11 02:15:51.426  INFO 15173 --- [ReplicaAwareInstanceRegistry - RenewalThresholdUpdater] c.n.e.r.PeerAwareInstanceRegistryImpl    : Current renewal threshold is : 1
2021-09-11 02:15:53.922  WARN 15173 --- [HikariPool-1 housekeeper] com.zaxxer.hikari.pool.HikariPool        : HikariPool-1 - Thread starvation or clock leap detected (housekeeper delta=18m5s779ms).
2021-09-11 02:15:54.436  INFO 15173 --- [Eureka-EvictionTimer] c.n.e.registry.AbstractInstanceRegistry  : Running the evict task with compensationTime 0ms
2021-09-11 02:26:22.748  WARN 15173 --- [HikariPool-1 housekeeper] com.zaxxer.hikari.pool.HikariPool        : HikariPool-1 - Thread starvation or clock leap detected (housekeeper delta=9m58s825ms).
2021-09-11 02:26:23.257  INFO 15173 --- [Eureka-EvictionTimer] c.n.e.registry.AbstractInstanceRegistry  : Running the evict task with compensationTime 1ms
2021-09-11 02:27:23.266  INFO 15173 --- [Eureka-EvictionTimer] c.n.e.registry.AbstractInstanceRegistry  : Running the evict task with compensationTime 4ms
2021-09-11 02:28:23.277  INFO 15173 --- [Eureka-EvictionTimer] c.n.e.registry.AbstractInstanceRegistry  : Running the evict task with compensationTime 8ms
2021-09-11 02:29:23.286  INFO 15173 --- [Eureka-EvictionTimer] c.n.e.registry.AbstractInstanceRegistry  : Running the evict task with compensationTime 7ms
2021-09-11 02:30:20.213  WARN 15173 --- [Eureka-PeerNodesUpdater] c.n.eureka.cluster.PeerEurekaNodes       : The replica size seems to be empty. Check the route 53 DNS Registry
2021-09-11 02:30:23.293  INFO 15173 --- [Eureka-EvictionTimer] c.n.e.registry.AbstractInstanceRegistry  : Running the evict task with compensationTime 6ms
2021-09-11 02:31:23.295  INFO 15173 --- [Eureka-EvictionTimer] c.n.e.registry.AbstractInstanceRegistry  : Running the evict task with compensationTime 1ms
2021-09-11 02:32:23.297  INFO 15173 --- [Eureka-EvictionTimer] c.n.e.registry.AbstractInstanceRegistry  : Running the evict task with compensationTime 0ms
2021-09-11 02:33:23.307  INFO 15173 --- [Eureka-EvictionTimer] c.n.e.registry.AbstractInstanceRegistry  : Running the evict task with compensationTime 8ms
2021-09-11 02:34:23.318  INFO 15173 --- [Eureka-EvictionTimer] c.n.e.registry.AbstractInstanceRegistry  : Running the evict task with compensationTime 9ms
2021-09-11 02:35:23.324  INFO 15173 --- [Eureka-EvictionTimer] c.n.e.registry.AbstractInstanceRegistry  : Running the evict task with compensationTime 4ms
2021-09-11 02:36:23.326  INFO 15173 --- [Eureka-EvictionTimer] c.n.e.registry.AbstractInstanceRegistry  : Running the evict task with compensationTime 0ms
2021-09-11 02:37:23.329  INFO 15173 --- [Eureka-EvictionTimer] c.n.e.registry.AbstractInstanceRegistry  : Running the evict task with compensationTime 0ms
2021-09-11 02:38:23.341  INFO 15173 --- [Eureka-EvictionTimer] c.n.e.registry.AbstractInstanceRegistry  : Running the evict task with compensationTime 10ms
2021-09-11 02:39:23.344  INFO 15173 --- [Eureka-EvictionTimer] c.n.e.registry.AbstractInstanceRegistry  : Running the evict task with compensationTime 2ms
2021-09-11 02:40:20.232  WARN 15173 --- [Eureka-PeerNodesUpdater] c.n.eureka.cluster.PeerEurekaNodes       : The replica size seems to be empty. Check the route 53 DNS Registry
2021-09-11 02:40:20.271  INFO 15173 --- [ReplicaAwareInstanceRegistry - RenewalThresholdUpdater] c.n.e.r.PeerAwareInstanceRegistryImpl    : Current renewal threshold is : 1
2021-09-11 02:40:23.347  INFO 15173 --- [Eureka-EvictionTimer] c.n.e.registry.AbstractInstanceRegistry  : Running the evict task with compensationTime 0ms
2021-09-11 02:41:23.348  INFO 15173 --- [Eureka-EvictionTimer] c.n.e.registry.AbstractInstanceRegistry  : Running the evict task with compensationTime 0ms
2021-09-11 02:42:23.358  INFO 15173 --- [Eureka-EvictionTimer] c.n.e.registry.AbstractInstanceRegistry  : Running the evict task with compensationTime 7ms
2021-09-11 02:43:23.362  INFO 15173 --- [Eureka-EvictionTimer] c.n.e.registry.AbstractInstanceRegistry  : Running the evict task with compensationTime 3ms
2021-09-11 02:44:23.364  INFO 15173 --- [Eureka-EvictionTimer] c.n.e.registry.AbstractInstanceRegistry  : Running the evict task with compensationTime 0ms
2021-09-11 02:45:23.366  INFO 15173 --- [Eureka-EvictionTimer] c.n.e.registry.AbstractInstanceRegistry  : Running the evict task with compensationTime 0ms
2021-09-11 02:46:23.373  INFO 15173 --- [Eureka-EvictionTimer] c.n.e.registry.AbstractInstanceRegistry  : Running the evict task with compensationTime 5ms
2021-09-11 02:47:23.378  INFO 15173 --- [Eureka-EvictionTimer] c.n.e.registry.AbstractInstanceRegistry  : Running the evict task with compensationTime 2ms
2021-09-11 02:48:23.390  INFO 15173 --- [Eureka-EvictionTimer] c.n.e.registry.AbstractInstanceRegistry  : Running the evict task with compensationTime 10ms
2021-09-11 02:49:23.394  INFO 15173 --- [Eureka-EvictionTimer] c.n.e.registry.AbstractInstanceRegistry  : Running the evict task with compensationTime 3ms
2021-09-11 02:50:20.252  WARN 15173 --- [Eureka-PeerNodesUpdater] c.n.eureka.cluster.PeerEurekaNodes       : The replica size seems to be empty. Check the route 53 DNS Registry
2021-09-11 02:50:23.403  INFO 15173 --- [Eureka-EvictionTimer] c.n.e.registry.AbstractInstanceRegistry  : Running the evict task with compensationTime 6ms
2021-09-11 02:51:23.414  INFO 15173 --- [Eureka-EvictionTimer] c.n.e.registry.AbstractInstanceRegistry  : Running the evict task with compensationTime 9ms
2021-09-11 02:52:23.418  INFO 15173 --- [Eureka-EvictionTimer] c.n.e.registry.AbstractInstanceRegistry  : Running the evict task with compensationTime 2ms
2021-09-11 02:53:23.425  INFO 15173 --- [Eureka-EvictionTimer] c.n.e.registry.AbstractInstanceRegistry  : Running the evict task with compensationTime 5ms
2021-09-11 02:54:23.432  INFO 15173 --- [Eureka-EvictionTimer] c.n.e.registry.AbstractInstanceRegistry  : Running the evict task with compensationTime 5ms
2021-09-11 02:55:20.299  INFO 15173 --- [ReplicaAwareInstanceRegistry - RenewalThresholdUpdater] c.n.e.r.PeerAwareInstanceRegistryImpl    : Current renewal threshold is : 1
2021-09-11 02:55:23.438  INFO 15173 --- [Eureka-EvictionTimer] c.n.e.registry.AbstractInstanceRegistry  : Running the evict task with compensationTime 4ms
2021-09-11 02:56:23.445  INFO 15173 --- [Eureka-EvictionTimer] c.n.e.registry.AbstractInstanceRegistry  : Running the evict task with compensationTime 5ms
2021-09-11 02:57:23.450  INFO 15173 --- [Eureka-EvictionTimer] c.n.e.registry.AbstractInstanceRegistry  : Running the evict task with compensationTime 3ms
2021-09-11 02:58:23.461  INFO 15173 --- [Eureka-EvictionTimer] c.n.e.registry.AbstractInstanceRegistry  : Running the evict task with compensationTime 9ms
2021-09-11 02:59:23.469  INFO 15173 --- [Eureka-EvictionTimer] c.n.e.registry.AbstractInstanceRegistry  : Running the evict task with compensationTime 6ms
2021-09-11 04:59:47.363  WARN 15173 --- [HikariPool-1 housekeeper] com.zaxxer.hikari.pool.HikariPool        : HikariPool-1 - Thread starvation or clock leap detected (housekeeper delta=2h24s296ms).
2021-09-11 05:00:14.567  WARN 15173 --- [Eureka-PeerNodesUpdater] c.n.eureka.cluster.PeerEurekaNodes       : The replica size seems to be empty. Check the route 53 DNS Registry
2021-09-11 05:00:17.768  INFO 15173 --- [Eureka-EvictionTimer] c.n.e.registry.AbstractInstanceRegistry  : Running the evict task with compensationTime 6ms
2021-09-11 07:00:38.253  WARN 15173 --- [HikariPool-1 housekeeper] com.zaxxer.hikari.pool.HikariPool        : HikariPool-1 - Thread starvation or clock leap detected (housekeeper delta=2h20s888ms).
2021-09-11 09:01:01.368  WARN 15173 --- [HikariPool-1 housekeeper] com.zaxxer.hikari.pool.HikariPool        : HikariPool-1 - Thread starvation or clock leap detected (housekeeper delta=2h23s115ms).
2021-09-11 09:01:01.584  INFO 15173 --- [Eureka-EvictionTimer] c.n.e.registry.AbstractInstanceRegistry  : Running the evict task with compensationTime 8ms
2021-09-11 10:27:46.954  WARN 15173 --- [HikariPool-1 housekeeper] com.zaxxer.hikari.pool.HikariPool        : HikariPool-1 - Thread starvation or clock leap detected (housekeeper delta=1h26m14s223ms).
2021-09-11 10:27:47.173  INFO 15173 --- [Eureka-EvictionTimer] c.n.e.registry.AbstractInstanceRegistry  : Running the evict task with compensationTime 10ms
2021-09-11 10:30:10.847  WARN 15173 --- [HikariPool-1 housekeeper] com.zaxxer.hikari.pool.HikariPool        : HikariPool-1 - Thread starvation or clock leap detected (housekeeper delta=1m53s882ms).
2021-09-11 10:30:11.061  INFO 15173 --- [Eureka-EvictionTimer] c.n.e.registry.AbstractInstanceRegistry  : Running the evict task with compensationTime 4ms
2021-09-11 10:31:11.072  INFO 15173 --- [Eureka-EvictionTimer] c.n.e.registry.AbstractInstanceRegistry  : Running the evict task with compensationTime 7ms
2021-09-11 10:32:11.074  INFO 15173 --- [Eureka-EvictionTimer] c.n.e.registry.AbstractInstanceRegistry  : Running the evict task with compensationTime 1ms
2021-09-11 10:33:11.076  INFO 15173 --- [Eureka-EvictionTimer] c.n.e.registry.AbstractInstanceRegistry  : Running the evict task with compensationTime 0ms
2021-09-11 10:34:11.086  INFO 15173 --- [Eureka-EvictionTimer] c.n.e.registry.AbstractInstanceRegistry  : Running the evict task with compensationTime 8ms
2021-09-11 10:35:11.092  INFO 15173 --- [Eureka-EvictionTimer] c.n.e.registry.AbstractInstanceRegistry  : Running the evict task with compensationTime 4ms
2021-09-11 10:36:11.096  INFO 15173 --- [Eureka-EvictionTimer] c.n.e.registry.AbstractInstanceRegistry  : Running the evict task with compensationTime 1ms
2021-09-11 10:37:07.851  WARN 15173 --- [Eureka-PeerNodesUpdater] c.n.eureka.cluster.PeerEurekaNodes       : The replica size seems to be empty. Check the route 53 DNS Registry
2021-09-11 10:37:07.885  INFO 15173 --- [ReplicaAwareInstanceRegistry - RenewalThresholdUpdater] c.n.e.r.PeerAwareInstanceRegistryImpl    : Current renewal threshold is : 1
2021-09-11 10:37:11.098  INFO 15173 --- [Eureka-EvictionTimer] c.n.e.registry.AbstractInstanceRegistry  : Running the evict task with compensationTime 0ms
2021-09-11 10:38:11.105  INFO 15173 --- [Eureka-EvictionTimer] c.n.e.registry.AbstractInstanceRegistry  : Running the evict task with compensationTime 5ms
2021-09-11 10:39:11.108  INFO 15173 --- [Eureka-EvictionTimer] c.n.e.registry.AbstractInstanceRegistry  : Running the evict task with compensationTime 0ms
2021-09-11 10:40:11.113  INFO 15173 --- [Eureka-EvictionTimer] c.n.e.registry.AbstractInstanceRegistry  : Running the evict task with compensationTime 3ms
2021-09-11 10:41:11.116  INFO 15173 --- [Eureka-EvictionTimer] c.n.e.registry.AbstractInstanceRegistry  : Running the evict task with compensationTime 1ms
2021-09-11 10:42:11.118  INFO 15173 --- [Eureka-EvictionTimer] c.n.e.registry.AbstractInstanceRegistry  : Running the evict task with compensationTime 0ms
2021-09-11 10:43:11.126  INFO 15173 --- [Eureka-EvictionTimer] c.n.e.registry.AbstractInstanceRegistry  : Running the evict task with compensationTime 5ms
2021-09-11 10:44:11.131  INFO 15173 --- [Eureka-EvictionTimer] c.n.e.registry.AbstractInstanceRegistry  : Running the evict task with compensationTime 3ms
2021-09-11 10:45:11.138  INFO 15173 --- [Eureka-EvictionTimer] c.n.e.registry.AbstractInstanceRegistry  : Running the evict task with compensationTime 5ms
2021-09-11 10:46:11.142  INFO 15173 --- [Eureka-EvictionTimer] c.n.e.registry.AbstractInstanceRegistry  : Running the evict task with compensationTime 1ms
2021-09-11 10:47:07.875  WARN 15173 --- [Eureka-PeerNodesUpdater] c.n.eureka.cluster.PeerEurekaNodes       : The replica size seems to be empty. Check the route 53 DNS Registry
2021-09-11 10:47:11.154  INFO 15173 --- [Eureka-EvictionTimer] c.n.e.registry.AbstractInstanceRegistry  : Running the evict task with compensationTime 10ms
2021-09-11 10:48:11.156  INFO 15173 --- [Eureka-EvictionTimer] c.n.e.registry.AbstractInstanceRegistry  : Running the evict task with compensationTime 0ms
2021-09-11 10:49:11.157  INFO 15173 --- [Eureka-EvictionTimer] c.n.e.registry.AbstractInstanceRegistry  : Running the evict task with compensationTime 0ms
2021-09-11 10:50:11.159  INFO 15173 --- [Eureka-EvictionTimer] c.n.e.registry.AbstractInstanceRegistry  : Running the evict task with compensationTime 0ms
2021-09-11 10:51:11.166  INFO 15173 --- [Eureka-EvictionTimer] c.n.e.registry.AbstractInstanceRegistry  : Running the evict task with compensationTime 5ms
2021-09-11 10:52:07.911  INFO 15173 --- [ReplicaAwareInstanceRegistry - RenewalThresholdUpdater] c.n.e.r.PeerAwareInstanceRegistryImpl    : Current renewal threshold is : 1
2021-09-11 10:52:11.169  INFO 15173 --- [Eureka-EvictionTimer] c.n.e.registry.AbstractInstanceRegistry  : Running the evict task with compensationTime 1ms
2021-09-11 10:53:11.172  INFO 15173 --- [Eureka-EvictionTimer] c.n.e.registry.AbstractInstanceRegistry  : Running the evict task with compensationTime 1ms
2021-09-11 10:54:11.179  INFO 15173 --- [Eureka-EvictionTimer] c.n.e.registry.AbstractInstanceRegistry  : Running the evict task with compensationTime 5ms
2021-09-11 10:55:11.181  INFO 15173 --- [Eureka-EvictionTimer] c.n.e.registry.AbstractInstanceRegistry  : Running the evict task with compensationTime 0ms
2021-09-11 10:56:11.183  INFO 15173 --- [Eureka-EvictionTimer] c.n.e.registry.AbstractInstanceRegistry  : Running the evict task with compensationTime 0ms
2021-09-11 10:57:07.900  WARN 15173 --- [Eureka-PeerNodesUpdater] c.n.eureka.cluster.PeerEurekaNodes       : The replica size seems to be empty. Check the route 53 DNS Registry
2021-09-11 10:57:11.185  INFO 15173 --- [Eureka-EvictionTimer] c.n.e.registry.AbstractInstanceRegistry  : Running the evict task with compensationTime 0ms
2021-09-11 10:58:11.190  INFO 15173 --- [Eureka-EvictionTimer] c.n.e.registry.AbstractInstanceRegistry  : Running the evict task with compensationTime 2ms
2021-09-11 10:59:11.194  INFO 15173 --- [Eureka-EvictionTimer] c.n.e.registry.AbstractInstanceRegistry  : Running the evict task with compensationTime 1ms
2021-09-11 11:00:11.196  INFO 15173 --- [Eureka-EvictionTimer] c.n.e.registry.AbstractInstanceRegistry  : Running the evict task with compensationTime 0ms
2021-09-11 11:01:11.200  INFO 15173 --- [Eureka-EvictionTimer] c.n.e.registry.AbstractInstanceRegistry  : Running the evict task with compensationTime 1ms
2021-09-11 11:02:11.208  INFO 15173 --- [Eureka-EvictionTimer] c.n.e.registry.AbstractInstanceRegistry  : Running the evict task with compensationTime 6ms
2021-09-11 11:03:11.210  INFO 15173 --- [Eureka-EvictionTimer] c.n.e.registry.AbstractInstanceRegistry  : Running the evict task with compensationTime 0ms
2021-09-11 11:04:11.212  INFO 15173 --- [Eureka-EvictionTimer] c.n.e.registry.AbstractInstanceRegistry  : Running the evict task with compensationTime 0ms
2021-09-11 11:05:11.214  INFO 15173 --- [Eureka-EvictionTimer] c.n.e.registry.AbstractInstanceRegistry  : Running the evict task with compensationTime 0ms
2021-09-11 11:06:11.216  INFO 15173 --- [Eureka-EvictionTimer] c.n.e.registry.AbstractInstanceRegistry  : Running the evict task with compensationTime 0ms
2021-09-11 11:07:07.919  WARN 15173 --- [Eureka-PeerNodesUpdater] c.n.eureka.cluster.PeerEurekaNodes       : The replica size seems to be empty. Check the route 53 DNS Registry
2021-09-11 11:07:07.943  INFO 15173 --- [ReplicaAwareInstanceRegistry - RenewalThresholdUpdater] c.n.e.r.PeerAwareInstanceRegistryImpl    : Current renewal threshold is : 1
2021-09-11 11:07:11.226  INFO 15173 --- [Eureka-EvictionTimer] c.n.e.registry.AbstractInstanceRegistry  : Running the evict task with compensationTime 7ms
2021-09-11 11:08:11.230  INFO 15173 --- [Eureka-EvictionTimer] c.n.e.registry.AbstractInstanceRegistry  : Running the evict task with compensationTime 2ms
2021-09-11 11:09:11.238  INFO 15173 --- [Eureka-EvictionTimer] c.n.e.registry.AbstractInstanceRegistry  : Running the evict task with compensationTime 6ms
2021-09-11 11:10:11.242  INFO 15173 --- [Eureka-EvictionTimer] c.n.e.registry.AbstractInstanceRegistry  : Running the evict task with compensationTime 2ms
2021-09-11 11:11:11.252  INFO 15173 --- [Eureka-EvictionTimer] c.n.e.registry.AbstractInstanceRegistry  : Running the evict task with compensationTime 7ms
2021-09-11 11:12:11.255  INFO 15173 --- [Eureka-EvictionTimer] c.n.e.registry.AbstractInstanceRegistry  : Running the evict task with compensationTime 1ms
2021-09-11 11:13:11.262  INFO 15173 --- [Eureka-EvictionTimer] c.n.e.registry.AbstractInstanceRegistry  : Running the evict task with compensationTime 4ms
2021-09-11 11:14:11.268  INFO 15173 --- [Eureka-EvictionTimer] c.n.e.registry.AbstractInstanceRegistry  : Running the evict task with compensationTime 4ms
2021-09-11 11:15:11.273  INFO 15173 --- [Eureka-EvictionTimer] c.n.e.registry.AbstractInstanceRegistry  : Running the evict task with compensationTime 3ms
2021-09-11 11:16:11.277  INFO 15173 --- [Eureka-EvictionTimer] c.n.e.registry.AbstractInstanceRegistry  : Running the evict task with compensationTime 2ms
2021-09-11 11:17:07.945  WARN 15173 --- [Eureka-PeerNodesUpdater] c.n.eureka.cluster.PeerEurekaNodes       : The replica size seems to be empty. Check the route 53 DNS Registry
2021-09-11 11:17:11.287  INFO 15173 --- [Eureka-EvictionTimer] c.n.e.registry.AbstractInstanceRegistry  : Running the evict task with compensationTime 8ms
2021-09-11 11:18:11.293  INFO 15173 --- [Eureka-EvictionTimer] c.n.e.registry.AbstractInstanceRegistry  : Running the evict task with compensationTime 3ms
2021-09-11 11:19:11.299  INFO 15173 --- [Eureka-EvictionTimer] c.n.e.registry.AbstractInstanceRegistry  : Running the evict task with compensationTime 4ms
2021-09-11 11:20:11.301  INFO 15173 --- [Eureka-EvictionTimer] c.n.e.registry.AbstractInstanceRegistry  : Running the evict task with compensationTime 0ms
2021-09-11 13:21:03.444  INFO 15173 --- [Eureka-EvictionTimer] c.n.e.registry.AbstractInstanceRegistry  : Running the evict task with compensationTime 0ms
2021-09-11 13:21:03.486  WARN 15173 --- [HikariPool-1 housekeeper] com.zaxxer.hikari.pool.HikariPool        : HikariPool-1 - Thread starvation or clock leap detected (housekeeper delta=2h22s147ms).
2021-09-11 13:22:00.130  INFO 15173 --- [ReplicaAwareInstanceRegistry - RenewalThresholdUpdater] c.n.e.r.PeerAwareInstanceRegistryImpl    : Current renewal threshold is : 1
2021-09-11 13:22:03.463  INFO 15173 --- [Eureka-EvictionTimer] c.n.e.registry.AbstractInstanceRegistry  : Running the evict task with compensationTime 0ms
2021-09-11 13:23:03.464  INFO 15173 --- [Eureka-EvictionTimer] c.n.e.registry.AbstractInstanceRegistry  : Running the evict task with compensationTime 0ms
2021-09-11 13:24:03.465  INFO 15173 --- [Eureka-EvictionTimer] c.n.e.registry.AbstractInstanceRegistry  : Running the evict task with compensationTime 0ms
2021-09-11 13:25:03.473  INFO 15173 --- [Eureka-EvictionTimer] c.n.e.registry.AbstractInstanceRegistry  : Running the evict task with compensationTime 8ms
2021-09-11 13:26:03.483  INFO 15173 --- [Eureka-EvictionTimer] c.n.e.registry.AbstractInstanceRegistry  : Running the evict task with compensationTime 10ms
2021-09-11 13:27:00.119  WARN 15173 --- [Eureka-PeerNodesUpdater] c.n.eureka.cluster.PeerEurekaNodes       : The replica size seems to be empty. Check the route 53 DNS Registry
2021-09-11 13:27:03.488  INFO 15173 --- [Eureka-EvictionTimer] c.n.e.registry.AbstractInstanceRegistry  : Running the evict task with compensationTime 4ms
2021-09-11 13:28:03.489  INFO 15173 --- [Eureka-EvictionTimer] c.n.e.registry.AbstractInstanceRegistry  : Running the evict task with compensationTime 1ms
2021-09-11 13:29:03.493  INFO 15173 --- [Eureka-EvictionTimer] c.n.e.registry.AbstractInstanceRegistry  : Running the evict task with compensationTime 4ms
2021-09-11 13:30:30.777  INFO 15173 --- [Eureka-EvictionTimer] c.n.e.registry.AbstractInstanceRegistry  : Running the evict task with compensationTime 2ms
2021-09-11 13:30:30.858  WARN 15173 --- [HikariPool-1 housekeeper] com.zaxxer.hikari.pool.HikariPool        : HikariPool-1 - Thread starvation or clock leap detected (housekeeper delta=57s290ms).
2021-09-11 13:31:30.778  INFO 15173 --- [Eureka-EvictionTimer] c.n.e.registry.AbstractInstanceRegistry  : Running the evict task with compensationTime 0ms
2021-09-11 13:32:30.779  INFO 15173 --- [Eureka-EvictionTimer] c.n.e.registry.AbstractInstanceRegistry  : Running the evict task with compensationTime 1ms
2021-09-11 13:33:30.784  INFO 15173 --- [Eureka-EvictionTimer] c.n.e.registry.AbstractInstanceRegistry  : Running the evict task with compensationTime 5ms
2021-09-11 13:34:30.788  INFO 15173 --- [Eureka-EvictionTimer] c.n.e.registry.AbstractInstanceRegistry  : Running the evict task with compensationTime 3ms
2021-09-11 13:35:30.790  INFO 15173 --- [Eureka-EvictionTimer] c.n.e.registry.AbstractInstanceRegistry  : Running the evict task with compensationTime 1ms
2021-09-11 13:36:30.790  INFO 15173 --- [Eureka-EvictionTimer] c.n.e.registry.AbstractInstanceRegistry  : Running the evict task with compensationTime 0ms
2021-09-11 13:37:27.410  WARN 15173 --- [Eureka-PeerNodesUpdater] c.n.eureka.cluster.PeerEurekaNodes       : The replica size seems to be empty. Check the route 53 DNS Registry
2021-09-11 13:37:27.423  INFO 15173 --- [ReplicaAwareInstanceRegistry - RenewalThresholdUpdater] c.n.e.r.PeerAwareInstanceRegistryImpl    : Current renewal threshold is : 1
2021-09-11 13:37:30.793  INFO 15173 --- [Eureka-EvictionTimer] c.n.e.registry.AbstractInstanceRegistry  : Running the evict task with compensationTime 2ms
2021-09-11 13:38:30.798  INFO 15173 --- [Eureka-EvictionTimer] c.n.e.registry.AbstractInstanceRegistry  : Running the evict task with compensationTime 5ms
2021-09-11 13:39:30.803  INFO 15173 --- [Eureka-EvictionTimer] c.n.e.registry.AbstractInstanceRegistry  : Running the evict task with compensationTime 4ms
2021-09-11 13:40:30.808  INFO 15173 --- [Eureka-EvictionTimer] c.n.e.registry.AbstractInstanceRegistry  : Running the evict task with compensationTime 4ms
2021-09-11 13:41:30.816  INFO 15173 --- [Eureka-EvictionTimer] c.n.e.registry.AbstractInstanceRegistry  : Running the evict task with compensationTime 7ms
2021-09-11 13:42:30.820  INFO 15173 --- [Eureka-EvictionTimer] c.n.e.registry.AbstractInstanceRegistry  : Running the evict task with compensationTime 4ms
2021-09-11 13:43:30.820  INFO 15173 --- [Eureka-EvictionTimer] c.n.e.registry.AbstractInstanceRegistry  : Running the evict task with compensationTime 0ms
2021-09-11 13:44:30.822  INFO 15173 --- [Eureka-EvictionTimer] c.n.e.registry.AbstractInstanceRegistry  : Running the evict task with compensationTime 1ms
2021-09-11 13:45:30.829  INFO 15173 --- [Eureka-EvictionTimer] c.n.e.registry.AbstractInstanceRegistry  : Running the evict task with compensationTime 6ms
2021-09-11 13:46:30.833  INFO 15173 --- [Eureka-EvictionTimer] c.n.e.registry.AbstractInstanceRegistry  : Running the evict task with compensationTime 4ms
2021-09-11 13:47:27.415  WARN 15173 --- [Eureka-PeerNodesUpdater] c.n.eureka.cluster.PeerEurekaNodes       : The replica size seems to be empty. Check the route 53 DNS Registry
2021-09-11 13:47:30.834  INFO 15173 --- [Eureka-EvictionTimer] c.n.e.registry.AbstractInstanceRegistry  : Running the evict task with compensationTime 0ms
2021-09-11 13:48:30.835  INFO 15173 --- [Eureka-EvictionTimer] c.n.e.registry.AbstractInstanceRegistry  : Running the evict task with compensationTime 0ms
2021-09-11 13:49:30.842  INFO 15173 --- [Eureka-EvictionTimer] c.n.e.registry.AbstractInstanceRegistry  : Running the evict task with compensationTime 7ms
2021-09-11 13:50:30.848  INFO 15173 --- [Eureka-EvictionTimer] c.n.e.registry.AbstractInstanceRegistry  : Running the evict task with compensationTime 5ms
2021-09-11 13:51:30.849  INFO 15173 --- [Eureka-EvictionTimer] c.n.e.registry.AbstractInstanceRegistry  : Running the evict task with compensationTime 0ms
2021-09-11 13:52:27.428  INFO 15173 --- [ReplicaAwareInstanceRegistry - RenewalThresholdUpdater] c.n.e.r.PeerAwareInstanceRegistryImpl    : Current renewal threshold is : 1
2021-09-11 13:52:30.851  INFO 15173 --- [Eureka-EvictionTimer] c.n.e.registry.AbstractInstanceRegistry  : Running the evict task with compensationTime 1ms
2021-09-11 13:53:30.853  INFO 15173 --- [Eureka-EvictionTimer] c.n.e.registry.AbstractInstanceRegistry  : Running the evict task with compensationTime 2ms
2021-09-11 13:54:30.862  INFO 15173 --- [Eureka-EvictionTimer] c.n.e.registry.AbstractInstanceRegistry  : Running the evict task with compensationTime 8ms
2021-09-11 13:55:30.870  INFO 15173 --- [Eureka-EvictionTimer] c.n.e.registry.AbstractInstanceRegistry  : Running the evict task with compensationTime 7ms
2021-09-11 13:56:30.875  INFO 15173 --- [Eureka-EvictionTimer] c.n.e.registry.AbstractInstanceRegistry  : Running the evict task with compensationTime 5ms
2021-09-11 13:57:27.419  WARN 15173 --- [Eureka-PeerNodesUpdater] c.n.eureka.cluster.PeerEurekaNodes       : The replica size seems to be empty. Check the route 53 DNS Registry
2021-09-11 13:57:30.885  INFO 15173 --- [Eureka-EvictionTimer] c.n.e.registry.AbstractInstanceRegistry  : Running the evict task with compensationTime 9ms
2021-09-11 13:58:30.888  INFO 15173 --- [Eureka-EvictionTimer] c.n.e.registry.AbstractInstanceRegistry  : Running the evict task with compensationTime 3ms
2021-09-11 13:59:30.893  INFO 15173 --- [Eureka-EvictionTimer] c.n.e.registry.AbstractInstanceRegistry  : Running the evict task with compensationTime 4ms
2021-09-11 14:00:30.898  INFO 15173 --- [Eureka-EvictionTimer] c.n.e.registry.AbstractInstanceRegistry  : Running the evict task with compensationTime 4ms
2021-09-11 14:01:30.902  INFO 15173 --- [Eureka-EvictionTimer] c.n.e.registry.AbstractInstanceRegistry  : Running the evict task with compensationTime 3ms
2021-09-11 14:02:30.902  INFO 15173 --- [Eureka-EvictionTimer] c.n.e.registry.AbstractInstanceRegistry  : Running the evict task with compensationTime 0ms
2021-09-11 14:03:30.905  INFO 15173 --- [Eureka-EvictionTimer] c.n.e.registry.AbstractInstanceRegistry  : Running the evict task with compensationTime 2ms
2021-09-11 14:04:30.906  INFO 15173 --- [Eureka-EvictionTimer] c.n.e.registry.AbstractInstanceRegistry  : Running the evict task with compensationTime 0ms
2021-09-11 14:05:30.909  INFO 15173 --- [Eureka-EvictionTimer] c.n.e.registry.AbstractInstanceRegistry  : Running the evict task with compensationTime 20ms
2021-09-11 14:06:30.910  INFO 15173 --- [Eureka-EvictionTimer] c.n.e.registry.AbstractInstanceRegistry  : Running the evict task with compensationTime 9ms
2021-09-11 14:07:27.399  WARN 15173 --- [Eureka-PeerNodesUpdater] c.n.eureka.cluster.PeerEurekaNodes       : The replica size seems to be empty. Check the route 53 DNS Registry
2021-09-11 14:07:27.435  INFO 15173 --- [ReplicaAwareInstanceRegistry - RenewalThresholdUpdater] c.n.e.r.PeerAwareInstanceRegistryImpl    : Current renewal threshold is : 1
2021-09-11 14:07:30.919  INFO 15173 --- [Eureka-EvictionTimer] c.n.e.registry.AbstractInstanceRegistry  : Running the evict task with compensationTime 8ms
2021-09-11 14:08:30.925  INFO 15173 --- [Eureka-EvictionTimer] c.n.e.registry.AbstractInstanceRegistry  : Running the evict task with compensationTime 5ms
2021-09-11 14:09:30.927  INFO 15173 --- [Eureka-EvictionTimer] c.n.e.registry.AbstractInstanceRegistry  : Running the evict task with compensationTime 1ms
2021-09-11 14:10:30.937  INFO 15173 --- [Eureka-EvictionTimer] c.n.e.registry.AbstractInstanceRegistry  : Running the evict task with compensationTime 10ms
2021-09-11 14:11:30.946  INFO 15173 --- [Eureka-EvictionTimer] c.n.e.registry.AbstractInstanceRegistry  : Running the evict task with compensationTime 8ms
2021-09-11 14:12:30.951  INFO 15173 --- [Eureka-EvictionTimer] c.n.e.registry.AbstractInstanceRegistry  : Running the evict task with compensationTime 4ms
2021-09-11 14:13:30.956  INFO 15173 --- [Eureka-EvictionTimer] c.n.e.registry.AbstractInstanceRegistry  : Running the evict task with compensationTime 4ms
2021-09-11 14:14:30.960  INFO 15173 --- [Eureka-EvictionTimer] c.n.e.registry.AbstractInstanceRegistry  : Running the evict task with compensationTime 3ms
2021-09-11 14:15:30.963  INFO 15173 --- [Eureka-EvictionTimer] c.n.e.registry.AbstractInstanceRegistry  : Running the evict task with compensationTime 2ms
2021-09-11 14:16:30.968  INFO 15173 --- [Eureka-EvictionTimer] c.n.e.registry.AbstractInstanceRegistry  : Running the evict task with compensationTime 4ms
2021-09-11 14:17:27.412  WARN 15173 --- [Eureka-PeerNodesUpdater] c.n.eureka.cluster.PeerEurekaNodes       : The replica size seems to be empty. Check the route 53 DNS Registry
2021-09-11 14:17:30.973  INFO 15173 --- [Eureka-EvictionTimer] c.n.e.registry.AbstractInstanceRegistry  : Running the evict task with compensationTime 4ms
2021-09-11 14:18:30.973  INFO 15173 --- [Eureka-EvictionTimer] c.n.e.registry.AbstractInstanceRegistry  : Running the evict task with compensationTime 0ms
2021-09-11 14:19:30.976  INFO 15173 --- [Eureka-EvictionTimer] c.n.e.registry.AbstractInstanceRegistry  : Running the evict task with compensationTime 1ms
2021-09-11 14:20:30.977  INFO 15173 --- [Eureka-EvictionTimer] c.n.e.registry.AbstractInstanceRegistry  : Running the evict task with compensationTime 0ms
2021-09-11 14:21:30.978  INFO 15173 --- [Eureka-EvictionTimer] c.n.e.registry.AbstractInstanceRegistry  : Running the evict task with compensationTime 1ms
2021-09-11 14:22:27.449  INFO 15173 --- [ReplicaAwareInstanceRegistry - RenewalThresholdUpdater] c.n.e.r.PeerAwareInstanceRegistryImpl    : Current renewal threshold is : 1
2021-09-11 14:22:30.983  INFO 15173 --- [Eureka-EvictionTimer] c.n.e.registry.AbstractInstanceRegistry  : Running the evict task with compensationTime 4ms
2021-09-11 14:23:30.987  INFO 15173 --- [Eureka-EvictionTimer] c.n.e.registry.AbstractInstanceRegistry  : Running the evict task with compensationTime 3ms
2021-09-11 14:24:30.989  INFO 15173 --- [Eureka-EvictionTimer] c.n.e.registry.AbstractInstanceRegistry  : Running the evict task with compensationTime 1ms
2021-09-11 14:25:31.683  INFO 15173 --- [Eureka-EvictionTimer] c.n.e.registry.AbstractInstanceRegistry  : Running the evict task with compensationTime 2ms
2021-09-11 14:26:31.690  INFO 15173 --- [Eureka-EvictionTimer] c.n.e.registry.AbstractInstanceRegistry  : Running the evict task with compensationTime 6ms
2021-09-11 14:27:28.111  WARN 15173 --- [Eureka-PeerNodesUpdater] c.n.eureka.cluster.PeerEurekaNodes       : The replica size seems to be empty. Check the route 53 DNS Registry
2021-09-11 14:27:31.699  INFO 15173 --- [Eureka-EvictionTimer] c.n.e.registry.AbstractInstanceRegistry  : Running the evict task with compensationTime 9ms
2021-09-11 14:28:31.700  INFO 15173 --- [Eureka-EvictionTimer] c.n.e.registry.AbstractInstanceRegistry  : Running the evict task with compensationTime 0ms
2021-09-11 14:29:31.711  INFO 15173 --- [Eureka-EvictionTimer] c.n.e.registry.AbstractInstanceRegistry  : Running the evict task with compensationTime 10ms
2021-09-11 14:30:31.717  INFO 15173 --- [Eureka-EvictionTimer] c.n.e.registry.AbstractInstanceRegistry  : Running the evict task with compensationTime 5ms
2021-09-11 14:31:31.718  INFO 15173 --- [Eureka-EvictionTimer] c.n.e.registry.AbstractInstanceRegistry  : Running the evict task with compensationTime 0ms
2021-09-11 14:32:31.728  INFO 15173 --- [Eureka-EvictionTimer] c.n.e.registry.AbstractInstanceRegistry  : Running the evict task with compensationTime 10ms
2021-09-11 14:33:31.738  INFO 15173 --- [Eureka-EvictionTimer] c.n.e.registry.AbstractInstanceRegistry  : Running the evict task with compensationTime 8ms
2021-09-11 14:34:31.747  INFO 15173 --- [Eureka-EvictionTimer] c.n.e.registry.AbstractInstanceRegistry  : Running the evict task with compensationTime 9ms
2021-09-11 14:35:31.756  INFO 15173 --- [Eureka-EvictionTimer] c.n.e.registry.AbstractInstanceRegistry  : Running the evict task with compensationTime 7ms
2021-09-11 14:36:31.766  INFO 15173 --- [Eureka-EvictionTimer] c.n.e.registry.AbstractInstanceRegistry  : Running the evict task with compensationTime 10ms
2021-09-11 14:37:28.123  WARN 15173 --- [Eureka-PeerNodesUpdater] c.n.eureka.cluster.PeerEurekaNodes       : The replica size seems to be empty. Check the route 53 DNS Registry
2021-09-11 14:37:28.151  INFO 15173 --- [ReplicaAwareInstanceRegistry - RenewalThresholdUpdater] c.n.e.r.PeerAwareInstanceRegistryImpl    : Current renewal threshold is : 1
2021-09-11 14:37:31.767  INFO 15173 --- [Eureka-EvictionTimer] c.n.e.registry.AbstractInstanceRegistry  : Running the evict task with compensationTime 0ms
2021-09-11 14:38:31.770  INFO 15173 --- [Eureka-EvictionTimer] c.n.e.registry.AbstractInstanceRegistry  : Running the evict task with compensationTime 3ms
2021-09-11 14:39:31.774  INFO 15173 --- [Eureka-EvictionTimer] c.n.e.registry.AbstractInstanceRegistry  : Running the evict task with compensationTime 3ms
2021-09-11 14:40:31.778  INFO 15173 --- [Eureka-EvictionTimer] c.n.e.registry.AbstractInstanceRegistry  : Running the evict task with compensationTime 4ms
2021-09-11 14:41:31.782  INFO 15173 --- [Eureka-EvictionTimer] c.n.e.registry.AbstractInstanceRegistry  : Running the evict task with compensationTime 3ms
2021-09-11 14:42:31.786  INFO 15173 --- [Eureka-EvictionTimer] c.n.e.registry.AbstractInstanceRegistry  : Running the evict task with compensationTime 3ms
2021-09-11 14:43:31.787  INFO 15173 --- [Eureka-EvictionTimer] c.n.e.registry.AbstractInstanceRegistry  : Running the evict task with compensationTime 0ms
2021-09-11 14:44:31.791  INFO 15173 --- [Eureka-EvictionTimer] c.n.e.registry.AbstractInstanceRegistry  : Running the evict task with compensationTime 4ms
2021-09-11 14:45:31.795  INFO 15173 --- [Eureka-EvictionTimer] c.n.e.registry.AbstractInstanceRegistry  : Running the evict task with compensationTime 3ms
2021-09-11 14:46:31.798  INFO 15173 --- [Eureka-EvictionTimer] c.n.e.registry.AbstractInstanceRegistry  : Running the evict task with compensationTime 2ms
2021-09-11 14:47:28.134  WARN 15173 --- [Eureka-PeerNodesUpdater] c.n.eureka.cluster.PeerEurekaNodes       : The replica size seems to be empty. Check the route 53 DNS Registry
2021-09-11 14:47:31.801  INFO 15173 --- [Eureka-EvictionTimer] c.n.e.registry.AbstractInstanceRegistry  : Running the evict task with compensationTime 2ms
2021-09-11 14:48:31.806  INFO 15173 --- [Eureka-EvictionTimer] c.n.e.registry.AbstractInstanceRegistry  : Running the evict task with compensationTime 4ms
2021-09-11 14:49:31.811  INFO 15173 --- [Eureka-EvictionTimer] c.n.e.registry.AbstractInstanceRegistry  : Running the evict task with compensationTime 5ms
2021-09-11 14:50:31.816  INFO 15173 --- [Eureka-EvictionTimer] c.n.e.registry.AbstractInstanceRegistry  : Running the evict task with compensationTime 3ms
2021-09-11 14:51:31.819  INFO 15173 --- [Eureka-EvictionTimer] c.n.e.registry.AbstractInstanceRegistry  : Running the evict task with compensationTime 3ms
2021-09-11 14:52:28.160  INFO 15173 --- [ReplicaAwareInstanceRegistry - RenewalThresholdUpdater] c.n.e.r.PeerAwareInstanceRegistryImpl    : Current renewal threshold is : 1
2021-09-11 14:52:31.821  INFO 15173 --- [Eureka-EvictionTimer] c.n.e.registry.AbstractInstanceRegistry  : Running the evict task with compensationTime 0ms
2021-09-11 14:53:31.821  INFO 15173 --- [Eureka-EvictionTimer] c.n.e.registry.AbstractInstanceRegistry  : Running the evict task with compensationTime 0ms
2021-09-11 14:54:31.822  INFO 15173 --- [Eureka-EvictionTimer] c.n.e.registry.AbstractInstanceRegistry  : Running the evict task with compensationTime 0ms
2021-09-11 14:55:31.825  INFO 15173 --- [Eureka-EvictionTimer] c.n.e.registry.AbstractInstanceRegistry  : Running the evict task with compensationTime 2ms
2021-09-11 14:56:31.826  INFO 15173 --- [Eureka-EvictionTimer] c.n.e.registry.AbstractInstanceRegistry  : Running the evict task with compensationTime 0ms
2021-09-11 14:57:28.140  WARN 15173 --- [Eureka-PeerNodesUpdater] c.n.eureka.cluster.PeerEurekaNodes       : The replica size seems to be empty. Check the route 53 DNS Registry
2021-09-11 14:57:31.831  INFO 15173 --- [Eureka-EvictionTimer] c.n.e.registry.AbstractInstanceRegistry  : Running the evict task with compensationTime 4ms
2021-09-11 14:58:31.832  INFO 15173 --- [Eureka-EvictionTimer] c.n.e.registry.AbstractInstanceRegistry  : Running the evict task with compensationTime 0ms
2021-09-11 14:59:31.837  INFO 15173 --- [Eureka-EvictionTimer] c.n.e.registry.AbstractInstanceRegistry  : Running the evict task with compensationTime 4ms
2021-09-11 15:00:31.840  INFO 15173 --- [Eureka-EvictionTimer] c.n.e.registry.AbstractInstanceRegistry  : Running the evict task with compensationTime 3ms
2021-09-11 15:01:31.843  INFO 15173 --- [Eureka-EvictionTimer] c.n.e.registry.AbstractInstanceRegistry  : Running the evict task with compensationTime 2ms
2021-09-11 15:02:31.847  INFO 15173 --- [Eureka-EvictionTimer] c.n.e.registry.AbstractInstanceRegistry  : Running the evict task with compensationTime 3ms
2021-09-11 15:03:31.848  INFO 15173 --- [Eureka-EvictionTimer] c.n.e.registry.AbstractInstanceRegistry  : Running the evict task with compensationTime 1ms
2021-09-11 15:04:31.851  INFO 15173 --- [Eureka-EvictionTimer] c.n.e.registry.AbstractInstanceRegistry  : Running the evict task with compensationTime 2ms
2021-09-11 15:05:31.856  INFO 15173 --- [Eureka-EvictionTimer] c.n.e.registry.AbstractInstanceRegistry  : Running the evict task with compensationTime 3ms
2021-09-11 15:06:31.860  INFO 15173 --- [Eureka-EvictionTimer] c.n.e.registry.AbstractInstanceRegistry  : Running the evict task with compensationTime 3ms
2021-09-11 15:07:28.149  WARN 15173 --- [Eureka-PeerNodesUpdater] c.n.eureka.cluster.PeerEurekaNodes       : The replica size seems to be empty. Check the route 53 DNS Registry
2021-09-11 15:07:28.170  INFO 15173 --- [ReplicaAwareInstanceRegistry - RenewalThresholdUpdater] c.n.e.r.PeerAwareInstanceRegistryImpl    : Current renewal threshold is : 1
2021-09-11 15:07:31.864  INFO 15173 --- [Eureka-EvictionTimer] c.n.e.registry.AbstractInstanceRegistry  : Running the evict task with compensationTime 3ms
2021-09-11 15:08:31.866  INFO 15173 --- [Eureka-EvictionTimer] c.n.e.registry.AbstractInstanceRegistry  : Running the evict task with compensationTime 1ms
2021-09-11 15:09:31.876  INFO 15173 --- [Eureka-EvictionTimer] c.n.e.registry.AbstractInstanceRegistry  : Running the evict task with compensationTime 9ms
2021-09-11 15:10:31.943  INFO 15173 --- [Eureka-EvictionTimer] c.n.e.registry.AbstractInstanceRegistry  : Running the evict task with compensationTime 2ms
2021-09-11 15:11:31.947  INFO 15173 --- [Eureka-EvictionTimer] c.n.e.registry.AbstractInstanceRegistry  : Running the evict task with compensationTime 2ms
2021-09-11 15:12:31.952  INFO 15173 --- [Eureka-EvictionTimer] c.n.e.registry.AbstractInstanceRegistry  : Running the evict task with compensationTime 3ms
2021-09-11 15:13:31.957  INFO 15173 --- [Eureka-EvictionTimer] c.n.e.registry.AbstractInstanceRegistry  : Running the evict task with compensationTime 3ms
2021-09-11 15:14:31.964  INFO 15173 --- [Eureka-EvictionTimer] c.n.e.registry.AbstractInstanceRegistry  : Running the evict task with compensationTime 5ms
2021-09-11 15:15:31.969  INFO 15173 --- [Eureka-EvictionTimer] c.n.e.registry.AbstractInstanceRegistry  : Running the evict task with compensationTime 3ms
2021-09-11 15:16:15.547  INFO 15173 --- [Thread-21] o.s.c.n.e.s.EurekaServiceRegistry        : Unregistering application ADMIN-MGMT-SERVICE with eureka with status DOWN
2021-09-11 15:16:15.553  INFO 15173 --- [Thread-21] c.n.eureka.DefaultEurekaServerContext    : Shutting down ...
2021-09-11 15:16:15.558  INFO 15173 --- [Thread-21] c.n.eureka.DefaultEurekaServerContext    : Shut down
2021-09-11 15:16:15.617  INFO 15173 --- [Thread-21] o.s.s.concurrent.ThreadPoolTaskExecutor  : Shutting down ExecutorService 'applicationTaskExecutor'
2021-09-11 15:16:15.632  INFO 15173 --- [Thread-21] com.netflix.discovery.DiscoveryClient    : Shutting down DiscoveryClient ...
2021-09-11 15:16:15.632  INFO 15173 --- [Thread-21] com.netflix.discovery.DiscoveryClient    : Completed shut down of DiscoveryClient
2021-09-11 15:16:15.632  INFO 15173 --- [Thread-21] com.zaxxer.hikari.HikariDataSource       : HikariPool-1 - Shutdown initiated...
2021-09-11 15:16:15.637  INFO 15173 --- [Thread-21] com.zaxxer.hikari.HikariDataSource       : HikariPool-1 - Shutdown completed.
2021-09-11 18:40:09.183  INFO 22469 --- [main] trationDelegate$BeanPostProcessorChecker : Bean 'org.springframework.cloud.autoconfigure.ConfigurationPropertiesRebinderAutoConfiguration' of type [org.springframework.cloud.autoconfigure.ConfigurationPropertiesRebinderAutoConfiguration$$EnhancerBySpringCGLIB$$3cdd02a4] is not eligible for getting processed by all BeanPostProcessors (for example: not eligible for auto-proxying)
2021-09-11 18:40:09.375  INFO 22469 --- [main] c.l.hubx.admin.AdminMgmtServiceApp       : No active profile set, falling back to default profiles: default
2021-09-11 18:40:10.317  WARN 22469 --- [main] o.s.boot.actuate.endpoint.EndpointId     : Endpoint ID 'service-registry' contains invalid characters, please migrate to a valid format.
2021-09-11 18:40:10.813  INFO 22469 --- [main] o.s.cloud.context.scope.GenericScope     : BeanFactory id=c64afe2a-ba51-3b66-bbdb-5389a8ca6f37
2021-09-11 18:40:10.896  INFO 22469 --- [main] trationDelegate$BeanPostProcessorChecker : Bean 'org.springframework.transaction.annotation.ProxyTransactionManagementConfiguration' of type [org.springframework.transaction.annotation.ProxyTransactionManagementConfiguration$$EnhancerBySpringCGLIB$$20c2ffa7] is not eligible for getting processed by all BeanPostProcessors (for example: not eligible for auto-proxying)
2021-09-11 18:40:10.912  INFO 22469 --- [main] trationDelegate$BeanPostProcessorChecker : Bean 'com.lifebyte.hubx.cache.config.RedissonClientConfig' of type [com.lifebyte.hubx.cache.config.RedissonClientConfig] is not eligible for getting processed by all BeanPostProcessors (for example: not eligible for auto-proxying)
2021-09-11 18:40:10.917  INFO 22469 --- [main] c.l.h.cache.config.RedissonClientConfig  : start redis connection url redis://127.0.0.1:6379, db0
2021-09-11 18:40:11.007  INFO 22469 --- [main] org.redisson.Version                     : Redisson 3.12.0
2021-09-11 18:40:11.418  INFO 22469 --- [redisson-netty-2-17] o.r.c.pool.MasterPubSubConnectionPool    : 1 connections initialized for 127.0.0.1/127.0.0.1:6379
2021-09-11 18:40:11.420  INFO 22469 --- [redisson-netty-2-19] o.r.c.pool.MasterConnectionPool          : 24 connections initialized for 127.0.0.1/127.0.0.1:6379
2021-09-11 18:40:11.503  INFO 22469 --- [main] trationDelegate$BeanPostProcessorChecker : Bean 'client' of type [org.redisson.Redisson] is not eligible for getting processed by all BeanPostProcessors (for example: not eligible for auto-proxying)
2021-09-11 18:40:11.512  INFO 22469 --- [main] trationDelegate$BeanPostProcessorChecker : Bean 'org.springframework.cloud.autoconfigure.ConfigurationPropertiesRebinderAutoConfiguration' of type [org.springframework.cloud.autoconfigure.ConfigurationPropertiesRebinderAutoConfiguration$$EnhancerBySpringCGLIB$$3cdd02a4] is not eligible for getting processed by all BeanPostProcessors (for example: not eligible for auto-proxying)
2021-09-11 18:40:11.896  INFO 22469 --- [main] o.s.b.w.embedded.tomcat.TomcatWebServer  : Tomcat initialized with port(s): 7999 (http)
2021-09-11 18:40:11.914  INFO 22469 --- [main] o.apache.catalina.core.StandardService   : Starting service [Tomcat]
2021-09-11 18:40:11.914  INFO 22469 --- [main] org.apache.catalina.core.StandardEngine  : Starting Servlet engine: [Apache Tomcat/9.0.26]
2021-09-11 18:40:12.006  INFO 22469 --- [main] o.a.c.c.C.[Tomcat].[localhost].[/]       : Initializing Spring embedded WebApplicationContext
2021-09-11 18:40:12.007  INFO 22469 --- [main] o.s.web.context.ContextLoader            : Root WebApplicationContext: initialization completed in 2617 ms
2021-09-11 18:40:12.083  WARN 22469 --- [main] c.n.c.sources.URLConfigurationSource     : No URLs will be polled as dynamic configuration sources.
2021-09-11 18:40:12.083  INFO 22469 --- [main] c.n.c.sources.URLConfigurationSource     : To enable URLs as dynamic configuration sources, define System property archaius.configurationSource.additionalUrls or make config.properties available on classpath.
2021-09-11 18:40:12.091  INFO 22469 --- [main] c.netflix.config.DynamicPropertyFactory  : DynamicPropertyFactory is initialized with configuration sources: com.netflix.config.ConcurrentCompositeConfiguration@4c19d42e
2021-09-11 18:40:12.651  INFO 22469 --- [main] c.s.j.s.i.a.WebApplicationImpl           : Initiating Jersey application, version 'Jersey: 1.19.1 03/11/2016 02:08 PM'
2021-09-11 18:40:12.713  INFO 22469 --- [main] c.n.d.provider.DiscoveryJerseyProvider   : Using JSON encoding codec LegacyJacksonJson
2021-09-11 18:40:12.714  INFO 22469 --- [main] c.n.d.provider.DiscoveryJerseyProvider   : Using JSON decoding codec LegacyJacksonJson
2021-09-11 18:40:12.805  INFO 22469 --- [main] c.n.d.provider.DiscoveryJerseyProvider   : Using XML encoding codec XStreamXml
2021-09-11 18:40:12.805  INFO 22469 --- [main] c.n.d.provider.DiscoveryJerseyProvider   : Using XML decoding codec XStreamXml
2021-09-11 18:40:13.160  WARN 22469 --- [main] c.n.c.sources.URLConfigurationSource     : No URLs will be polled as dynamic configuration sources.
2021-09-11 18:40:13.160  INFO 22469 --- [main] c.n.c.sources.URLConfigurationSource     : To enable URLs as dynamic configuration sources, define System property archaius.configurationSource.additionalUrls or make config.properties available on classpath.
2021-09-11 18:40:13.331  INFO 22469 --- [main] o.s.s.concurrent.ThreadPoolTaskExecutor  : Initializing ExecutorService 'applicationTaskExecutor'
2021-09-11 18:40:13.446  INFO 22469 --- [main] c.l.hubx.cache.config.RedisCacheConfig   : start redis connection url redis://127.0.0.1:6379, db0
2021-09-11 18:40:13.452  INFO 22469 --- [main] org.redisson.Version                     : Redisson 3.12.0
2021-09-11 18:40:13.503  INFO 22469 --- [redisson-netty-5-18] o.r.c.pool.MasterConnectionPool          : 24 connections initialized for 127.0.0.1/127.0.0.1:6379
2021-09-11 18:40:13.506  INFO 22469 --- [redisson-netty-5-19] o.r.c.pool.MasterPubSubConnectionPool    : 1 connections initialized for 127.0.0.1/127.0.0.1:6379
2021-09-11 18:40:13.860  INFO 22469 --- [main] o.s.c.n.eureka.InstanceInfoFactory       : Setting initial instance status as: STARTING
2021-09-11 18:40:13.886  INFO 22469 --- [main] com.netflix.discovery.DiscoveryClient    : Initializing Eureka in region us-east-1
2021-09-11 18:40:13.886  INFO 22469 --- [main] com.netflix.discovery.DiscoveryClient    : Client configured to neither register nor query for data.
2021-09-11 18:40:13.893  INFO 22469 --- [main] com.netflix.discovery.DiscoveryClient    : Discovery Client initialized at timestamp 1631349613892 with initial instances count: 0
2021-09-11 18:40:13.926  INFO 22469 --- [main] c.n.eureka.DefaultEurekaServerContext    : Initializing ...
2021-09-11 18:40:13.930  WARN 22469 --- [main] c.n.eureka.cluster.PeerEurekaNodes       : The replica size seems to be empty. Check the route 53 DNS Registry
2021-09-11 18:40:13.946  INFO 22469 --- [main] c.n.e.registry.AbstractInstanceRegistry  : Finished initializing remote region registries. All known remote regions: []
2021-09-11 18:40:13.946  INFO 22469 --- [main] c.n.eureka.DefaultEurekaServerContext    : Initialized
2021-09-11 18:40:13.955  INFO 22469 --- [main] o.s.b.a.e.web.EndpointLinksResolver      : Exposing 2 endpoint(s) beneath base path '/actuator'
2021-09-11 18:40:14.026  INFO 22469 --- [main] o.s.c.n.e.s.EurekaServiceRegistry        : Registering application ADMIN-MGMT-SERVICE with eureka with status UP
2021-09-11 18:40:14.032  INFO 22469 --- [Thread-23] o.s.c.n.e.server.EurekaServerBootstrap   : Setting the eureka configuration..
2021-09-11 18:40:14.033  INFO 22469 --- [Thread-23] o.s.c.n.e.server.EurekaServerBootstrap   : Eureka data center value eureka.datacenter is not set, defaulting to default
2021-09-11 18:40:14.033  INFO 22469 --- [Thread-23] o.s.c.n.e.server.EurekaServerBootstrap   : Eureka environment value eureka.environment is not set, defaulting to test
2021-09-11 18:40:14.047  INFO 22469 --- [Thread-23] o.s.c.n.e.server.EurekaServerBootstrap   : isAws returned false
2021-09-11 18:40:14.048  INFO 22469 --- [Thread-23] o.s.c.n.e.server.EurekaServerBootstrap   : Initialized server context
2021-09-11 18:40:14.048  INFO 22469 --- [Thread-23] c.n.e.r.PeerAwareInstanceRegistryImpl    : Got 1 instances from neighboring DS node
2021-09-11 18:40:14.048  INFO 22469 --- [Thread-23] c.n.e.r.PeerAwareInstanceRegistryImpl    : Renew threshold is: 1
2021-09-11 18:40:14.048  INFO 22469 --- [Thread-23] c.n.e.r.PeerAwareInstanceRegistryImpl    : Changing status to UP
2021-09-11 18:40:14.055  INFO 22469 --- [Thread-23] e.s.EurekaServerInitializerConfiguration : Started Eureka Server
2021-09-11 18:40:14.059  INFO 22469 --- [main] o.s.b.w.embedded.tomcat.TomcatWebServer  : Tomcat started on port(s): 7999 (http) with context path ''
2021-09-11 18:40:14.059  INFO 22469 --- [main] .s.c.n.e.s.EurekaAutoServiceRegistration : Updating port to 7999
2021-09-11 18:40:14.061  INFO 22469 --- [main] c.l.hubx.admin.AdminMgmtServiceApp       : Started AdminMgmtServiceApp in 6.65 seconds (JVM running for 7.531)
2021-09-11 18:40:14.287  INFO 22469 --- [RMI TCP Connection(4)-127.0.0.1] com.zaxxer.hikari.HikariDataSource       : HikariPool-1 - Starting...
2021-09-11 18:40:14.288  INFO 22469 --- [RMI TCP Connection(3)-127.0.0.1] o.a.c.c.C.[Tomcat].[localhost].[/]       : Initializing Spring DispatcherServlet 'dispatcherServlet'
2021-09-11 18:40:14.288  INFO 22469 --- [RMI TCP Connection(3)-127.0.0.1] o.s.web.servlet.DispatcherServlet        : Initializing Servlet 'dispatcherServlet'
2021-09-11 18:40:14.296  INFO 22469 --- [RMI TCP Connection(3)-127.0.0.1] o.s.web.servlet.DispatcherServlet        : Completed initialization in 8 ms
2021-09-11 18:40:14.807  INFO 22469 --- [RMI TCP Connection(4)-127.0.0.1] com.zaxxer.hikari.HikariDataSource       : HikariPool-1 - Start completed.
2021-09-11 18:40:27.505  INFO 22469 --- [http-nio-7999-exec-2] c.n.e.registry.AbstractInstanceRegistry  : Registered instance ORDER-RATE-SERVICE/192.168.1.12:7010 with status UP (replication=false)
2021-09-11 18:41:03.768  INFO 22469 --- [http-nio-7999-exec-1] c.n.e.registry.AbstractInstanceRegistry  : Registered instance ORDER-RATE-SERVICE/192.168.1.12:7010 with status DOWN (replication=false)
2021-09-11 18:41:06.854  INFO 22469 --- [http-nio-7999-exec-2] c.n.e.registry.AbstractInstanceRegistry  : Cancelled instance ORDER-RATE-SERVICE/192.168.1.12:7010 (replication=false)
2021-09-11 18:41:14.050  INFO 22469 --- [Eureka-EvictionTimer] c.n.e.registry.AbstractInstanceRegistry  : Running the evict task with compensationTime 0ms
2021-09-11 18:41:18.808  INFO 22469 --- [http-nio-7999-exec-5] c.n.e.registry.AbstractInstanceRegistry  : Registered instance ORDER-RATE-SERVICE/192.168.1.12:7010 with status UP (replication=false)
2021-09-11 18:42:14.050  INFO 22469 --- [Eureka-EvictionTimer] c.n.e.registry.AbstractInstanceRegistry  : Running the evict task with compensationTime 3ms
